2021-03-26 21:08:11,615 INFO org.springframework.boot.StartupInfoLogger [main] Starting LoggingApplication using Java 14.0.1 on Mac-mini-de-Esdras.local with PID 1586 (/Users/esdras/Downloads/logging/build/classes/java/main started by esdras in /Users/esdras/Downloads/logging)
2021-03-26 21:08:11,626 DEBUG org.springframework.boot.StartupInfoLogger [main] Running with Spring Boot v2.4.4, Spring v5.3.5
2021-03-26 21:08:11,630 INFO org.springframework.boot.SpringApplication [main] No active profile set, falling back to default profiles: default
2021-03-26 21:08:15,228 INFO org.springframework.data.repository.config.RepositoryConfigurationDelegate [main] Bootstrapping Spring Data JPA repositories in DEFAULT mode.
2021-03-26 21:08:15,325 INFO org.springframework.data.repository.config.RepositoryConfigurationDelegate [main] Finished Spring Data repository scanning in 21 ms. Found 0 JPA repository interfaces.
2021-03-26 21:08:18,140 INFO org.springframework.boot.web.embedded.tomcat.TomcatWebServer [main] Tomcat initialized with port(s): 8080 (http)
2021-03-26 21:08:18,185 INFO org.apache.juli.logging.DirectJDKLog [main] Initializing ProtocolHandler ["http-nio-8080"]
2021-03-26 21:08:18,188 INFO org.apache.juli.logging.DirectJDKLog [main] Starting service [Tomcat]
2021-03-26 21:08:18,189 INFO org.apache.juli.logging.DirectJDKLog [main] Starting Servlet engine: [Apache Tomcat/9.0.44]
2021-03-26 21:08:18,639 INFO org.apache.juli.logging.DirectJDKLog [main] Initializing Spring embedded WebApplicationContext
2021-03-26 21:08:18,640 INFO org.springframework.boot.web.servlet.context.ServletWebServerApplicationContext [main] Root WebApplicationContext: initialization completed in 6713 ms
2021-03-26 21:08:19,562 INFO com.zaxxer.hikari.HikariDataSource [main] HikariPool-1 - Starting...
2021-03-26 21:08:20,483 INFO com.zaxxer.hikari.HikariDataSource [main] HikariPool-1 - Start completed.
2021-03-26 21:08:20,827 INFO org.hibernate.jpa.internal.util.LogHelper [main] HHH000204: Processing PersistenceUnitInfo [name: default]
2021-03-26 21:08:21,116 INFO org.hibernate.Version [main] HHH000412: Hibernate ORM core version 5.4.29.Final
2021-03-26 21:08:22,023 INFO org.hibernate.annotations.common.reflection.java.JavaReflectionManager [main] HCANN000001: Hibernate Commons Annotations {5.1.2.Final}
2021-03-26 21:08:22,649 INFO org.hibernate.dialect.Dialect [main] HHH000400: Using dialect: org.hibernate.dialect.H2Dialect
2021-03-26 21:08:23,664 INFO org.hibernate.engine.transaction.jta.platform.internal.JtaPlatformInitiator [main] HHH000490: Using JtaPlatform implementation: [org.hibernate.engine.transaction.jta.platform.internal.NoJtaPlatform]
2021-03-26 21:08:23,709 INFO org.springframework.orm.jpa.AbstractEntityManagerFactoryBean [main] Initialized JPA EntityManagerFactory for persistence unit 'default'
2021-03-26 21:08:24,030 WARN org.springframework.boot.autoconfigure.orm.jpa.JpaBaseConfiguration$JpaWebConfiguration [main] spring.jpa.open-in-view is enabled by default. Therefore, database queries may be performed during view rendering. Explicitly configure spring.jpa.open-in-view to disable this warning
2021-03-26 21:08:24,665 INFO org.springframework.scheduling.concurrent.ExecutorConfigurationSupport [main] Initializing ExecutorService 'applicationTaskExecutor'
2021-03-26 21:08:25,710 INFO org.apache.juli.logging.DirectJDKLog [main] Starting ProtocolHandler ["http-nio-8080"]
2021-03-26 21:08:25,884 INFO org.springframework.boot.web.embedded.tomcat.TomcatWebServer [main] Tomcat started on port(s): 8080 (http) with context path ''
2021-03-26 21:08:25,925 INFO org.springframework.boot.StartupInfoLogger [main] Started LoggingApplication in 16.901 seconds (JVM running for 18.926)
2021-03-26 21:08:48,744 INFO org.apache.juli.logging.DirectJDKLog [http-nio-8080-exec-1] Initializing Spring DispatcherServlet 'dispatcherServlet'
2021-03-26 21:08:48,745 INFO org.springframework.web.servlet.FrameworkServlet [http-nio-8080-exec-1] Initializing Servlet 'dispatcherServlet'
2021-03-26 21:08:48,748 INFO org.springframework.web.servlet.FrameworkServlet [http-nio-8080-exec-1] Completed initialization in 3 ms
2021-03-26 21:08:49,261 TRACE info.esdras.logging.resources.LoggingResource [http-nio-8080-exec-1] Uma mensagme TRACE.
2021-03-26 21:08:49,264 DEBUG info.esdras.logging.resources.LoggingResource [http-nio-8080-exec-1] Uma mensagme DEBUG.
2021-03-26 21:08:49,265 INFO info.esdras.logging.resources.LoggingResource [http-nio-8080-exec-1] Uma mensagme INFO.
2021-03-26 21:08:49,266 WARN info.esdras.logging.resources.LoggingResource [http-nio-8080-exec-1] Uma mensagme WARN.
2021-03-26 21:08:49,267 ERROR info.esdras.logging.resources.LoggingResource [http-nio-8080-exec-1] Uma mensagme ERROR.
2021-03-26 21:13:04,586 INFO org.springframework.scheduling.concurrent.ExecutorConfigurationSupport [SpringContextShutdownHook] Shutting down ExecutorService 'applicationTaskExecutor'
2021-03-26 21:13:04,603 INFO org.springframework.orm.jpa.AbstractEntityManagerFactoryBean [SpringContextShutdownHook] Closing JPA EntityManagerFactory for persistence unit 'default'
2021-03-26 21:13:04,611 INFO org.hibernate.tool.schema.internal.SchemaDropperImpl$DelayedDropActionImpl [SpringContextShutdownHook] HHH000477: Starting delayed evictData of schema as part of SessionFactory shut-down'
2021-03-26 21:13:04,631 INFO com.zaxxer.hikari.HikariDataSource [SpringContextShutdownHook] HikariPool-1 - Shutdown initiated...
2021-03-26 21:13:04,663 INFO com.zaxxer.hikari.HikariDataSource [SpringContextShutdownHook] HikariPool-1 - Shutdown completed.
2021-03-26 21:19:28,690 INFO org.springframework.boot.StartupInfoLogger [main] Starting LoggingApplication using Java 14.0.1 on Mac-mini-de-Esdras.local with PID 1640 (/Users/esdras/Downloads/logging/build/classes/java/main started by esdras in /Users/esdras/Downloads/logging)
2021-03-26 21:19:28,727 DEBUG org.springframework.boot.StartupInfoLogger [main] Running with Spring Boot v2.4.4, Spring v5.3.5
2021-03-26 21:19:28,730 INFO org.springframework.boot.SpringApplication [main] No active profile set, falling back to default profiles: default
2021-03-26 21:19:32,021 INFO org.springframework.data.repository.config.RepositoryConfigurationDelegate [main] Bootstrapping Spring Data JPA repositories in DEFAULT mode.
2021-03-26 21:19:32,092 INFO org.springframework.data.repository.config.RepositoryConfigurationDelegate [main] Finished Spring Data repository scanning in 18 ms. Found 0 JPA repository interfaces.
2021-03-26 21:19:34,470 INFO org.springframework.boot.web.embedded.tomcat.TomcatWebServer [main] Tomcat initialized with port(s): 8080 (http)
2021-03-26 21:19:34,512 INFO org.apache.juli.logging.DirectJDKLog [main] Initializing ProtocolHandler ["http-nio-8080"]
2021-03-26 21:19:34,514 INFO org.apache.juli.logging.DirectJDKLog [main] Starting service [Tomcat]
2021-03-26 21:19:34,515 INFO org.apache.juli.logging.DirectJDKLog [main] Starting Servlet engine: [Apache Tomcat/9.0.44]
2021-03-26 21:19:34,921 INFO org.apache.juli.logging.DirectJDKLog [main] Initializing Spring embedded WebApplicationContext
2021-03-26 21:19:34,922 INFO org.springframework.boot.web.servlet.context.ServletWebServerApplicationContext [main] Root WebApplicationContext: initialization completed in 5985 ms
2021-03-26 21:19:35,651 INFO com.zaxxer.hikari.HikariDataSource [main] HikariPool-1 - Starting...
2021-03-26 21:19:36,328 INFO com.zaxxer.hikari.HikariDataSource [main] HikariPool-1 - Start completed.
2021-03-26 21:19:36,565 INFO org.hibernate.jpa.internal.util.LogHelper [main] HHH000204: Processing PersistenceUnitInfo [name: default]
2021-03-26 21:19:36,848 INFO org.hibernate.Version [main] HHH000412: Hibernate ORM core version 5.4.29.Final
2021-03-26 21:19:37,709 INFO org.hibernate.annotations.common.reflection.java.JavaReflectionManager [main] HCANN000001: Hibernate Commons Annotations {5.1.2.Final}
2021-03-26 21:19:38,498 INFO org.hibernate.dialect.Dialect [main] HHH000400: Using dialect: org.hibernate.dialect.H2Dialect
2021-03-26 21:19:39,859 INFO org.hibernate.engine.transaction.jta.platform.internal.JtaPlatformInitiator [main] HHH000490: Using JtaPlatform implementation: [org.hibernate.engine.transaction.jta.platform.internal.NoJtaPlatform]
2021-03-26 21:19:39,910 INFO org.springframework.orm.jpa.AbstractEntityManagerFactoryBean [main] Initialized JPA EntityManagerFactory for persistence unit 'default'
2021-03-26 21:19:40,294 WARN org.springframework.boot.autoconfigure.orm.jpa.JpaBaseConfiguration$JpaWebConfiguration [main] spring.jpa.open-in-view is enabled by default. Therefore, database queries may be performed during view rendering. Explicitly configure spring.jpa.open-in-view to disable this warning
2021-03-26 21:19:41,116 INFO org.springframework.scheduling.concurrent.ExecutorConfigurationSupport [main] Initializing ExecutorService 'applicationTaskExecutor'
2021-03-26 21:19:42,078 INFO org.apache.juli.logging.DirectJDKLog [main] Starting ProtocolHandler ["http-nio-8080"]
2021-03-26 21:19:42,261 INFO org.springframework.boot.web.embedded.tomcat.TomcatWebServer [main] Tomcat started on port(s): 8080 (http) with context path ''
2021-03-26 21:19:42,309 INFO org.springframework.boot.StartupInfoLogger [main] Started LoggingApplication in 15.702 seconds (JVM running for 21.349)
2021-03-26 21:19:59,960 INFO org.springframework.scheduling.concurrent.ExecutorConfigurationSupport [SpringContextShutdownHook] Shutting down ExecutorService 'applicationTaskExecutor'
2021-03-26 21:19:59,966 INFO org.springframework.orm.jpa.AbstractEntityManagerFactoryBean [SpringContextShutdownHook] Closing JPA EntityManagerFactory for persistence unit 'default'
2021-03-26 21:19:59,968 INFO org.hibernate.tool.schema.internal.SchemaDropperImpl$DelayedDropActionImpl [SpringContextShutdownHook] HHH000477: Starting delayed evictData of schema as part of SessionFactory shut-down'
2021-03-26 21:19:59,985 INFO com.zaxxer.hikari.HikariDataSource [SpringContextShutdownHook] HikariPool-1 - Shutdown initiated...
2021-03-26 21:20:00,017 INFO com.zaxxer.hikari.HikariDataSource [SpringContextShutdownHook] HikariPool-1 - Shutdown completed.
2021-03-26 21:20:11,364 INFO org.springframework.boot.StartupInfoLogger [main] Starting LoggingApplication using Java 14.0.1 on Mac-mini-de-Esdras.local with PID 1645 (/Users/esdras/Downloads/logging/build/classes/java/main started by esdras in /Users/esdras/Downloads/logging)
2021-03-26 21:20:11,377 DEBUG org.springframework.boot.StartupInfoLogger [main] Running with Spring Boot v2.4.4, Spring v5.3.5
2021-03-26 21:20:11,379 INFO org.springframework.boot.SpringApplication [main] No active profile set, falling back to default profiles: default
2021-03-26 21:20:14,748 INFO org.springframework.data.repository.config.RepositoryConfigurationDelegate [main] Bootstrapping Spring Data JPA repositories in DEFAULT mode.
2021-03-26 21:20:14,829 INFO org.springframework.data.repository.config.RepositoryConfigurationDelegate [main] Finished Spring Data repository scanning in 25 ms. Found 0 JPA repository interfaces.
2021-03-26 21:20:17,407 INFO org.springframework.boot.web.embedded.tomcat.TomcatWebServer [main] Tomcat initialized with port(s): 8080 (http)
2021-03-26 21:20:17,448 INFO org.apache.juli.logging.DirectJDKLog [main] Initializing ProtocolHandler ["http-nio-8080"]
2021-03-26 21:20:17,449 INFO org.apache.juli.logging.DirectJDKLog [main] Starting service [Tomcat]
2021-03-26 21:20:17,450 INFO org.apache.juli.logging.DirectJDKLog [main] Starting Servlet engine: [Apache Tomcat/9.0.44]
2021-03-26 21:20:17,932 INFO org.apache.juli.logging.DirectJDKLog [main] Initializing Spring embedded WebApplicationContext
2021-03-26 21:20:17,933 INFO org.springframework.boot.web.servlet.context.ServletWebServerApplicationContext [main] Root WebApplicationContext: initialization completed in 6320 ms
2021-03-26 21:20:18,569 INFO com.zaxxer.hikari.HikariDataSource [main] HikariPool-1 - Starting...
2021-03-26 21:20:19,215 INFO com.zaxxer.hikari.HikariDataSource [main] HikariPool-1 - Start completed.
2021-03-26 21:20:19,524 INFO org.hibernate.jpa.internal.util.LogHelper [main] HHH000204: Processing PersistenceUnitInfo [name: default]
2021-03-26 21:20:19,842 INFO org.hibernate.Version [main] HHH000412: Hibernate ORM core version 5.4.29.Final
2021-03-26 21:20:20,613 INFO org.hibernate.annotations.common.reflection.java.JavaReflectionManager [main] HCANN000001: Hibernate Commons Annotations {5.1.2.Final}
2021-03-26 21:20:21,182 INFO org.hibernate.dialect.Dialect [main] HHH000400: Using dialect: org.hibernate.dialect.H2Dialect
2021-03-26 21:20:22,263 INFO org.hibernate.engine.transaction.jta.platform.internal.JtaPlatformInitiator [main] HHH000490: Using JtaPlatform implementation: [org.hibernate.engine.transaction.jta.platform.internal.NoJtaPlatform]
2021-03-26 21:20:22,301 INFO org.springframework.orm.jpa.AbstractEntityManagerFactoryBean [main] Initialized JPA EntityManagerFactory for persistence unit 'default'
2021-03-26 21:20:22,528 WARN org.springframework.boot.autoconfigure.orm.jpa.JpaBaseConfiguration$JpaWebConfiguration [main] spring.jpa.open-in-view is enabled by default. Therefore, database queries may be performed during view rendering. Explicitly configure spring.jpa.open-in-view to disable this warning
2021-03-26 21:20:23,101 INFO org.springframework.scheduling.concurrent.ExecutorConfigurationSupport [main] Initializing ExecutorService 'applicationTaskExecutor'
2021-03-26 21:20:23,919 INFO org.apache.juli.logging.DirectJDKLog [main] Starting ProtocolHandler ["http-nio-8080"]
2021-03-26 21:20:24,081 INFO org.springframework.boot.web.embedded.tomcat.TomcatWebServer [main] Tomcat started on port(s): 8080 (http) with context path ''
2021-03-26 21:20:24,133 INFO org.springframework.boot.StartupInfoLogger [main] Started LoggingApplication in 15.132 seconds (JVM running for 17.108)
