2021-03-26 21:08:11,615 INFO org.springframework.boot.StartupInfoLogger [main] Starting LoggingApplication using Java 14.0.1 on Mac-mini-de-Esdras.local with PID 1586 (/Users/esdras/Downloads/logging/build/classes/java/main started by esdras in /Users/esdras/Downloads/logging)
2021-03-26 21:08:11,626 DEBUG org.springframework.boot.StartupInfoLogger [main] Running with Spring Boot v2.4.4, Spring v5.3.5
2021-03-26 21:08:11,630 INFO org.springframework.boot.SpringApplication [main] No active profile set, falling back to default profiles: default
2021-03-26 21:08:15,228 INFO org.springframework.data.repository.config.RepositoryConfigurationDelegate [main] Bootstrapping Spring Data JPA repositories in DEFAULT mode.
2021-03-26 21:08:15,325 INFO org.springframework.data.repository.config.RepositoryConfigurationDelegate [main] Finished Spring Data repository scanning in 21 ms. Found 0 JPA repository interfaces.
2021-03-26 21:08:18,140 INFO org.springframework.boot.web.embedded.tomcat.TomcatWebServer [main] Tomcat initialized with port(s): 8080 (http)
2021-03-26 21:08:18,185 INFO org.apache.juli.logging.DirectJDKLog [main] Initializing ProtocolHandler ["http-nio-8080"]
2021-03-26 21:08:18,188 INFO org.apache.juli.logging.DirectJDKLog [main] Starting service [Tomcat]
2021-03-26 21:08:18,189 INFO org.apache.juli.logging.DirectJDKLog [main] Starting Servlet engine: [Apache Tomcat/9.0.44]
2021-03-26 21:08:18,639 INFO org.apache.juli.logging.DirectJDKLog [main] Initializing Spring embedded WebApplicationContext
2021-03-26 21:08:18,640 INFO org.springframework.boot.web.servlet.context.ServletWebServerApplicationContext [main] Root WebApplicationContext: initialization completed in 6713 ms
2021-03-26 21:08:19,562 INFO com.zaxxer.hikari.HikariDataSource [main] HikariPool-1 - Starting...
2021-03-26 21:08:20,483 INFO com.zaxxer.hikari.HikariDataSource [main] HikariPool-1 - Start completed.
2021-03-26 21:08:20,827 INFO org.hibernate.jpa.internal.util.LogHelper [main] HHH000204: Processing PersistenceUnitInfo [name: default]
2021-03-26 21:08:21,116 INFO org.hibernate.Version [main] HHH000412: Hibernate ORM core version 5.4.29.Final
2021-03-26 21:08:22,023 INFO org.hibernate.annotations.common.reflection.java.JavaReflectionManager [main] HCANN000001: Hibernate Commons Annotations {5.1.2.Final}
2021-03-26 21:08:22,649 INFO org.hibernate.dialect.Dialect [main] HHH000400: Using dialect: org.hibernate.dialect.H2Dialect
2021-03-26 21:08:23,664 INFO org.hibernate.engine.transaction.jta.platform.internal.JtaPlatformInitiator [main] HHH000490: Using JtaPlatform implementation: [org.hibernate.engine.transaction.jta.platform.internal.NoJtaPlatform]
2021-03-26 21:08:23,709 INFO org.springframework.orm.jpa.AbstractEntityManagerFactoryBean [main] Initialized JPA EntityManagerFactory for persistence unit 'default'
2021-03-26 21:08:24,030 WARN org.springframework.boot.autoconfigure.orm.jpa.JpaBaseConfiguration$JpaWebConfiguration [main] spring.jpa.open-in-view is enabled by default. Therefore, database queries may be performed during view rendering. Explicitly configure spring.jpa.open-in-view to disable this warning
2021-03-26 21:08:24,665 INFO org.springframework.scheduling.concurrent.ExecutorConfigurationSupport [main] Initializing ExecutorService 'applicationTaskExecutor'
2021-03-26 21:08:25,710 INFO org.apache.juli.logging.DirectJDKLog [main] Starting ProtocolHandler ["http-nio-8080"]
2021-03-26 21:08:25,884 INFO org.springframework.boot.web.embedded.tomcat.TomcatWebServer [main] Tomcat started on port(s): 8080 (http) with context path ''
2021-03-26 21:08:25,925 INFO org.springframework.boot.StartupInfoLogger [main] Started LoggingApplication in 16.901 seconds (JVM running for 18.926)
2021-03-26 21:08:48,744 INFO org.apache.juli.logging.DirectJDKLog [http-nio-8080-exec-1] Initializing Spring DispatcherServlet 'dispatcherServlet'
2021-03-26 21:08:48,745 INFO org.springframework.web.servlet.FrameworkServlet [http-nio-8080-exec-1] Initializing Servlet 'dispatcherServlet'
2021-03-26 21:08:48,748 INFO org.springframework.web.servlet.FrameworkServlet [http-nio-8080-exec-1] Completed initialization in 3 ms
2021-03-26 21:08:49,261 TRACE info.esdras.logging.resources.LoggingResource [http-nio-8080-exec-1] Uma mensagme TRACE.
2021-03-26 21:08:49,264 DEBUG info.esdras.logging.resources.LoggingResource [http-nio-8080-exec-1] Uma mensagme DEBUG.
2021-03-26 21:08:49,265 INFO info.esdras.logging.resources.LoggingResource [http-nio-8080-exec-1] Uma mensagme INFO.
2021-03-26 21:08:49,266 WARN info.esdras.logging.resources.LoggingResource [http-nio-8080-exec-1] Uma mensagme WARN.
2021-03-26 21:08:49,267 ERROR info.esdras.logging.resources.LoggingResource [http-nio-8080-exec-1] Uma mensagme ERROR.
2021-03-26 21:13:04,586 INFO org.springframework.scheduling.concurrent.ExecutorConfigurationSupport [SpringContextShutdownHook] Shutting down ExecutorService 'applicationTaskExecutor'
2021-03-26 21:13:04,603 INFO org.springframework.orm.jpa.AbstractEntityManagerFactoryBean [SpringContextShutdownHook] Closing JPA EntityManagerFactory for persistence unit 'default'
2021-03-26 21:13:04,611 INFO org.hibernate.tool.schema.internal.SchemaDropperImpl$DelayedDropActionImpl [SpringContextShutdownHook] HHH000477: Starting delayed evictData of schema as part of SessionFactory shut-down'
2021-03-26 21:13:04,631 INFO com.zaxxer.hikari.HikariDataSource [SpringContextShutdownHook] HikariPool-1 - Shutdown initiated...
2021-03-26 21:13:04,663 INFO com.zaxxer.hikari.HikariDataSource [SpringContextShutdownHook] HikariPool-1 - Shutdown completed.
2021-03-26 21:19:28,690 INFO org.springframework.boot.StartupInfoLogger [main] Starting LoggingApplication using Java 14.0.1 on Mac-mini-de-Esdras.local with PID 1640 (/Users/esdras/Downloads/logging/build/classes/java/main started by esdras in /Users/esdras/Downloads/logging)
2021-03-26 21:19:28,727 DEBUG org.springframework.boot.StartupInfoLogger [main] Running with Spring Boot v2.4.4, Spring v5.3.5
2021-03-26 21:19:28,730 INFO org.springframework.boot.SpringApplication [main] No active profile set, falling back to default profiles: default
2021-03-26 21:19:32,021 INFO org.springframework.data.repository.config.RepositoryConfigurationDelegate [main] Bootstrapping Spring Data JPA repositories in DEFAULT mode.
2021-03-26 21:19:32,092 INFO org.springframework.data.repository.config.RepositoryConfigurationDelegate [main] Finished Spring Data repository scanning in 18 ms. Found 0 JPA repository interfaces.
2021-03-26 21:19:34,470 INFO org.springframework.boot.web.embedded.tomcat.TomcatWebServer [main] Tomcat initialized with port(s): 8080 (http)
2021-03-26 21:19:34,512 INFO org.apache.juli.logging.DirectJDKLog [main] Initializing ProtocolHandler ["http-nio-8080"]
2021-03-26 21:19:34,514 INFO org.apache.juli.logging.DirectJDKLog [main] Starting service [Tomcat]
2021-03-26 21:19:34,515 INFO org.apache.juli.logging.DirectJDKLog [main] Starting Servlet engine: [Apache Tomcat/9.0.44]
2021-03-26 21:19:34,921 INFO org.apache.juli.logging.DirectJDKLog [main] Initializing Spring embedded WebApplicationContext
2021-03-26 21:19:34,922 INFO org.springframework.boot.web.servlet.context.ServletWebServerApplicationContext [main] Root WebApplicationContext: initialization completed in 5985 ms
2021-03-26 21:19:35,651 INFO com.zaxxer.hikari.HikariDataSource [main] HikariPool-1 - Starting...
2021-03-26 21:19:36,328 INFO com.zaxxer.hikari.HikariDataSource [main] HikariPool-1 - Start completed.
2021-03-26 21:19:36,565 INFO org.hibernate.jpa.internal.util.LogHelper [main] HHH000204: Processing PersistenceUnitInfo [name: default]
2021-03-26 21:19:36,848 INFO org.hibernate.Version [main] HHH000412: Hibernate ORM core version 5.4.29.Final
2021-03-26 21:19:37,709 INFO org.hibernate.annotations.common.reflection.java.JavaReflectionManager [main] HCANN000001: Hibernate Commons Annotations {5.1.2.Final}
2021-03-26 21:19:38,498 INFO org.hibernate.dialect.Dialect [main] HHH000400: Using dialect: org.hibernate.dialect.H2Dialect
2021-03-26 21:19:39,859 INFO org.hibernate.engine.transaction.jta.platform.internal.JtaPlatformInitiator [main] HHH000490: Using JtaPlatform implementation: [org.hibernate.engine.transaction.jta.platform.internal.NoJtaPlatform]
2021-03-26 21:19:39,910 INFO org.springframework.orm.jpa.AbstractEntityManagerFactoryBean [main] Initialized JPA EntityManagerFactory for persistence unit 'default'
2021-03-26 21:19:40,294 WARN org.springframework.boot.autoconfigure.orm.jpa.JpaBaseConfiguration$JpaWebConfiguration [main] spring.jpa.open-in-view is enabled by default. Therefore, database queries may be performed during view rendering. Explicitly configure spring.jpa.open-in-view to disable this warning
2021-03-26 21:19:41,116 INFO org.springframework.scheduling.concurrent.ExecutorConfigurationSupport [main] Initializing ExecutorService 'applicationTaskExecutor'
2021-03-26 21:19:42,078 INFO org.apache.juli.logging.DirectJDKLog [main] Starting ProtocolHandler ["http-nio-8080"]
2021-03-26 21:19:42,261 INFO org.springframework.boot.web.embedded.tomcat.TomcatWebServer [main] Tomcat started on port(s): 8080 (http) with context path ''
2021-03-26 21:19:42,309 INFO org.springframework.boot.StartupInfoLogger [main] Started LoggingApplication in 15.702 seconds (JVM running for 21.349)
2021-03-26 21:19:59,960 INFO org.springframework.scheduling.concurrent.ExecutorConfigurationSupport [SpringContextShutdownHook] Shutting down ExecutorService 'applicationTaskExecutor'
2021-03-26 21:19:59,966 INFO org.springframework.orm.jpa.AbstractEntityManagerFactoryBean [SpringContextShutdownHook] Closing JPA EntityManagerFactory for persistence unit 'default'
2021-03-26 21:19:59,968 INFO org.hibernate.tool.schema.internal.SchemaDropperImpl$DelayedDropActionImpl [SpringContextShutdownHook] HHH000477: Starting delayed evictData of schema as part of SessionFactory shut-down'
2021-03-26 21:19:59,985 INFO com.zaxxer.hikari.HikariDataSource [SpringContextShutdownHook] HikariPool-1 - Shutdown initiated...
2021-03-26 21:20:00,017 INFO com.zaxxer.hikari.HikariDataSource [SpringContextShutdownHook] HikariPool-1 - Shutdown completed.
2021-03-26 21:20:11,364 INFO org.springframework.boot.StartupInfoLogger [main] Starting LoggingApplication using Java 14.0.1 on Mac-mini-de-Esdras.local with PID 1645 (/Users/esdras/Downloads/logging/build/classes/java/main started by esdras in /Users/esdras/Downloads/logging)
2021-03-26 21:20:11,377 DEBUG org.springframework.boot.StartupInfoLogger [main] Running with Spring Boot v2.4.4, Spring v5.3.5
2021-03-26 21:20:11,379 INFO org.springframework.boot.SpringApplication [main] No active profile set, falling back to default profiles: default
2021-03-26 21:20:14,748 INFO org.springframework.data.repository.config.RepositoryConfigurationDelegate [main] Bootstrapping Spring Data JPA repositories in DEFAULT mode.
2021-03-26 21:20:14,829 INFO org.springframework.data.repository.config.RepositoryConfigurationDelegate [main] Finished Spring Data repository scanning in 25 ms. Found 0 JPA repository interfaces.
2021-03-26 21:20:17,407 INFO org.springframework.boot.web.embedded.tomcat.TomcatWebServer [main] Tomcat initialized with port(s): 8080 (http)
2021-03-26 21:20:17,448 INFO org.apache.juli.logging.DirectJDKLog [main] Initializing ProtocolHandler ["http-nio-8080"]
2021-03-26 21:20:17,449 INFO org.apache.juli.logging.DirectJDKLog [main] Starting service [Tomcat]
2021-03-26 21:20:17,450 INFO org.apache.juli.logging.DirectJDKLog [main] Starting Servlet engine: [Apache Tomcat/9.0.44]
2021-03-26 21:20:17,932 INFO org.apache.juli.logging.DirectJDKLog [main] Initializing Spring embedded WebApplicationContext
2021-03-26 21:20:17,933 INFO org.springframework.boot.web.servlet.context.ServletWebServerApplicationContext [main] Root WebApplicationContext: initialization completed in 6320 ms
2021-03-26 21:20:18,569 INFO com.zaxxer.hikari.HikariDataSource [main] HikariPool-1 - Starting...
2021-03-26 21:20:19,215 INFO com.zaxxer.hikari.HikariDataSource [main] HikariPool-1 - Start completed.
2021-03-26 21:20:19,524 INFO org.hibernate.jpa.internal.util.LogHelper [main] HHH000204: Processing PersistenceUnitInfo [name: default]
2021-03-26 21:20:19,842 INFO org.hibernate.Version [main] HHH000412: Hibernate ORM core version 5.4.29.Final
2021-03-26 21:20:20,613 INFO org.hibernate.annotations.common.reflection.java.JavaReflectionManager [main] HCANN000001: Hibernate Commons Annotations {5.1.2.Final}
2021-03-26 21:20:21,182 INFO org.hibernate.dialect.Dialect [main] HHH000400: Using dialect: org.hibernate.dialect.H2Dialect
2021-03-26 21:20:22,263 INFO org.hibernate.engine.transaction.jta.platform.internal.JtaPlatformInitiator [main] HHH000490: Using JtaPlatform implementation: [org.hibernate.engine.transaction.jta.platform.internal.NoJtaPlatform]
2021-03-26 21:20:22,301 INFO org.springframework.orm.jpa.AbstractEntityManagerFactoryBean [main] Initialized JPA EntityManagerFactory for persistence unit 'default'
2021-03-26 21:20:22,528 WARN org.springframework.boot.autoconfigure.orm.jpa.JpaBaseConfiguration$JpaWebConfiguration [main] spring.jpa.open-in-view is enabled by default. Therefore, database queries may be performed during view rendering. Explicitly configure spring.jpa.open-in-view to disable this warning
2021-03-26 21:20:23,101 INFO org.springframework.scheduling.concurrent.ExecutorConfigurationSupport [main] Initializing ExecutorService 'applicationTaskExecutor'
2021-03-26 21:20:23,919 INFO org.apache.juli.logging.DirectJDKLog [main] Starting ProtocolHandler ["http-nio-8080"]
2021-03-26 21:20:24,081 INFO org.springframework.boot.web.embedded.tomcat.TomcatWebServer [main] Tomcat started on port(s): 8080 (http) with context path ''
2021-03-26 21:20:24,133 INFO org.springframework.boot.StartupInfoLogger [main] Started LoggingApplication in 15.132 seconds (JVM running for 17.108)
2021-03-26 21:24:53,530 INFO org.springframework.scheduling.concurrent.ExecutorConfigurationSupport [SpringContextShutdownHook] Shutting down ExecutorService 'applicationTaskExecutor'
2021-03-26 21:24:53,551 INFO org.springframework.orm.jpa.AbstractEntityManagerFactoryBean [SpringContextShutdownHook] Closing JPA EntityManagerFactory for persistence unit 'default'
2021-03-26 21:24:53,579 INFO org.hibernate.tool.schema.internal.SchemaDropperImpl$DelayedDropActionImpl [SpringContextShutdownHook] HHH000477: Starting delayed evictData of schema as part of SessionFactory shut-down'
2021-03-26 21:24:53,595 INFO com.zaxxer.hikari.HikariDataSource [SpringContextShutdownHook] HikariPool-1 - Shutdown initiated...
2021-03-26 21:24:53,666 INFO com.zaxxer.hikari.HikariDataSource [SpringContextShutdownHook] HikariPool-1 - Shutdown completed.
2021-03-26 21:26:02,061 INFO org.springframework.boot.StartupInfoLogger [main] Starting LoggingApplication using Java 14.0.1 on Mac-mini-de-Esdras.local with PID 1713 (/Users/esdras/Downloads/logging/build/classes/java/main started by esdras in /Users/esdras/Downloads/logging)
2021-03-26 21:26:02,076 DEBUG org.springframework.boot.StartupInfoLogger [main] Running with Spring Boot v2.4.4, Spring v5.3.5
2021-03-26 21:26:02,078 INFO org.springframework.boot.SpringApplication [main] No active profile set, falling back to default profiles: default
2021-03-26 21:26:05,725 INFO org.springframework.data.repository.config.RepositoryConfigurationDelegate [main] Bootstrapping Spring Data JPA repositories in DEFAULT mode.
2021-03-26 21:26:05,818 INFO org.springframework.data.repository.config.RepositoryConfigurationDelegate [main] Finished Spring Data repository scanning in 24 ms. Found 0 JPA repository interfaces.
2021-03-26 21:26:08,661 INFO org.springframework.boot.web.embedded.tomcat.TomcatWebServer [main] Tomcat initialized with port(s): 8080 (http)
2021-03-26 21:26:08,799 INFO org.apache.juli.logging.DirectJDKLog [main] Initializing ProtocolHandler ["http-nio-8080"]
2021-03-26 21:26:08,802 INFO org.apache.juli.logging.DirectJDKLog [main] Starting service [Tomcat]
2021-03-26 21:26:08,804 INFO org.apache.juli.logging.DirectJDKLog [main] Starting Servlet engine: [Apache Tomcat/9.0.44]
2021-03-26 21:26:09,206 INFO org.apache.juli.logging.DirectJDKLog [main] Initializing Spring embedded WebApplicationContext
2021-03-26 21:26:09,207 INFO org.springframework.boot.web.servlet.context.ServletWebServerApplicationContext [main] Root WebApplicationContext: initialization completed in 6902 ms
2021-03-26 21:26:10,014 INFO com.zaxxer.hikari.HikariDataSource [main] HikariPool-1 - Starting...
2021-03-26 21:26:11,011 INFO com.zaxxer.hikari.HikariDataSource [main] HikariPool-1 - Start completed.
2021-03-26 21:26:11,289 INFO org.hibernate.jpa.internal.util.LogHelper [main] HHH000204: Processing PersistenceUnitInfo [name: default]
2021-03-26 21:26:11,570 INFO org.hibernate.Version [main] HHH000412: Hibernate ORM core version 5.4.29.Final
2021-03-26 21:26:12,398 INFO org.hibernate.annotations.common.reflection.java.JavaReflectionManager [main] HCANN000001: Hibernate Commons Annotations {5.1.2.Final}
2021-03-26 21:26:13,117 INFO org.hibernate.dialect.Dialect [main] HHH000400: Using dialect: org.hibernate.dialect.H2Dialect
2021-03-26 21:26:14,136 INFO org.hibernate.engine.transaction.jta.platform.internal.JtaPlatformInitiator [main] HHH000490: Using JtaPlatform implementation: [org.hibernate.engine.transaction.jta.platform.internal.NoJtaPlatform]
2021-03-26 21:26:14,174 INFO org.springframework.orm.jpa.AbstractEntityManagerFactoryBean [main] Initialized JPA EntityManagerFactory for persistence unit 'default'
2021-03-26 21:26:14,352 WARN org.springframework.boot.autoconfigure.orm.jpa.JpaBaseConfiguration$JpaWebConfiguration [main] spring.jpa.open-in-view is enabled by default. Therefore, database queries may be performed during view rendering. Explicitly configure spring.jpa.open-in-view to disable this warning
2021-03-26 21:26:15,421 INFO org.springframework.scheduling.concurrent.ExecutorConfigurationSupport [main] Initializing ExecutorService 'applicationTaskExecutor'
2021-03-26 21:26:18,385 INFO org.apache.juli.logging.DirectJDKLog [main] Starting ProtocolHandler ["http-nio-8080"]
2021-03-26 21:26:18,544 INFO org.springframework.boot.web.embedded.tomcat.TomcatWebServer [main] Tomcat started on port(s): 8080 (http) with context path ''
2021-03-26 21:26:18,595 INFO org.springframework.boot.StartupInfoLogger [main] Started LoggingApplication in 18.886 seconds (JVM running for 20.89)
2021-03-26 21:26:20,153 INFO org.apache.juli.logging.DirectJDKLog [http-nio-8080-exec-2] Initializing Spring DispatcherServlet 'dispatcherServlet'
2021-03-26 21:26:20,155 INFO org.springframework.web.servlet.FrameworkServlet [http-nio-8080-exec-2] Initializing Servlet 'dispatcherServlet'
2021-03-26 21:26:20,162 INFO org.springframework.web.servlet.FrameworkServlet [http-nio-8080-exec-2] Completed initialization in 5 ms
2021-03-26 21:26:20,684 TRACE info.esdras.logging.resources.LoggingResource [http-nio-8080-exec-2] Uma mensagme TRACE.
2021-03-26 21:26:20,686 DEBUG info.esdras.logging.resources.LoggingResource [http-nio-8080-exec-2] Uma mensagme DEBUG.
2021-03-26 21:26:20,687 INFO info.esdras.logging.resources.LoggingResource [http-nio-8080-exec-2] Uma mensagme INFO.
2021-03-26 21:26:20,688 WARN info.esdras.logging.resources.LoggingResource [http-nio-8080-exec-2] Uma mensagme WARN.
2021-03-26 21:26:20,689 ERROR info.esdras.logging.resources.LoggingResource [http-nio-8080-exec-2] Uma mensagme ERROR.
2021-03-26 21:26:49,729 INFO org.springframework.scheduling.concurrent.ExecutorConfigurationSupport [SpringContextShutdownHook] Shutting down ExecutorService 'applicationTaskExecutor'
2021-03-26 21:26:49,730 INFO org.springframework.orm.jpa.AbstractEntityManagerFactoryBean [SpringContextShutdownHook] Closing JPA EntityManagerFactory for persistence unit 'default'
2021-03-26 21:26:49,732 INFO org.hibernate.tool.schema.internal.SchemaDropperImpl$DelayedDropActionImpl [SpringContextShutdownHook] HHH000477: Starting delayed evictData of schema as part of SessionFactory shut-down'
2021-03-26 21:26:49,781 INFO com.zaxxer.hikari.HikariDataSource [SpringContextShutdownHook] HikariPool-1 - Shutdown initiated...
2021-03-26 21:26:49,805 INFO com.zaxxer.hikari.HikariDataSource [SpringContextShutdownHook] HikariPool-1 - Shutdown completed.
2021-03-26 21:28:29,125 INFO org.springframework.boot.StartupInfoLogger [Test worker] Starting BookControllerTest using Java 14.0.1 on Mac-mini-de-Esdras.local with PID 1753 (started by esdras in /Users/esdras/Downloads/logging)
2021-03-26 21:28:29,131 DEBUG org.springframework.boot.StartupInfoLogger [Test worker] Running with Spring Boot v2.4.4, Spring v5.3.5
2021-03-26 21:28:29,134 INFO org.springframework.boot.SpringApplication [Test worker] The following profiles are active: test
2021-03-26 21:28:31,403 INFO org.springframework.scheduling.concurrent.ExecutorConfigurationSupport [Test worker] Initializing ExecutorService 'applicationTaskExecutor'
2021-03-26 21:28:31,942 INFO org.springframework.mock.web.MockServletContext [Test worker] Initializing Spring TestDispatcherServlet ''
2021-03-26 21:28:31,943 INFO org.springframework.web.servlet.FrameworkServlet [Test worker] Initializing Servlet ''
2021-03-26 21:28:31,946 INFO org.springframework.web.servlet.FrameworkServlet [Test worker] Completed initialization in 1 ms
2021-03-26 21:28:32,008 INFO org.springframework.boot.StartupInfoLogger [Test worker] Started BookControllerTest in 4.014 seconds (JVM running for 6.581)
2021-03-26 21:28:32,858 INFO org.springframework.test.context.support.AbstractTestContextBootstrapper [Test worker] Neither @ContextConfiguration nor @ContextHierarchy found for test class [info.esdras.logging.LoggingApplicationTests], using SpringBootContextLoader
2021-03-26 21:28:32,861 INFO org.springframework.test.context.support.AbstractContextLoader [Test worker] Could not detect default resource locations for test class [info.esdras.logging.LoggingApplicationTests]: no resource found for suffixes {-context.xml, Context.groovy}.
2021-03-26 21:28:32,863 INFO org.springframework.test.context.support.AnnotationConfigContextLoaderUtils [Test worker] Could not detect default configuration classes for test class [info.esdras.logging.LoggingApplicationTests]: LoggingApplicationTests does not declare any static, non-private, non-final, nested classes annotated with @Configuration.
2021-03-26 21:28:32,881 INFO org.springframework.boot.test.context.SpringBootTestContextBootstrapper [Test worker] Found @SpringBootConfiguration info.esdras.logging.LoggingApplication for test class info.esdras.logging.LoggingApplicationTests
2021-03-26 21:28:32,891 INFO org.springframework.test.context.support.AbstractTestContextBootstrapper [Test worker] Loaded default TestExecutionListener class names from location [META-INF/spring.factories]: [org.springframework.boot.test.autoconfigure.restdocs.RestDocsTestExecutionListener, org.springframework.boot.test.autoconfigure.web.client.MockRestServiceServerResetTestExecutionListener, org.springframework.boot.test.autoconfigure.web.servlet.MockMvcPrintOnlyOnFailureTestExecutionListener, org.springframework.boot.test.autoconfigure.web.servlet.WebDriverTestExecutionListener, org.springframework.boot.test.autoconfigure.webservices.client.MockWebServiceServerTestExecutionListener, org.springframework.boot.test.mock.mockito.MockitoTestExecutionListener, org.springframework.boot.test.mock.mockito.ResetMocksTestExecutionListener, org.springframework.test.context.web.ServletTestExecutionListener, org.springframework.test.context.support.DirtiesContextBeforeModesTestExecutionListener, org.springframework.test.context.event.ApplicationEventsTestExecutionListener, org.springframework.test.context.support.DependencyInjectionTestExecutionListener, org.springframework.test.context.support.DirtiesContextTestExecutionListener, org.springframework.test.context.transaction.TransactionalTestExecutionListener, org.springframework.test.context.jdbc.SqlScriptsTestExecutionListener, org.springframework.test.context.event.EventPublishingTestExecutionListener]
2021-03-26 21:28:32,894 INFO org.springframework.test.context.support.AbstractTestContextBootstrapper [Test worker] Using TestExecutionListeners: [org.springframework.test.context.web.ServletTestExecutionListener@3e9dc0da, org.springframework.test.context.support.DirtiesContextBeforeModesTestExecutionListener@180e0a17, org.springframework.test.context.event.ApplicationEventsTestExecutionListener@64962f4e, org.springframework.boot.test.mock.mockito.MockitoTestExecutionListener@1665e845, org.springframework.boot.test.autoconfigure.SpringBootDependencyInjectionTestExecutionListener@46ae7143, org.springframework.test.context.support.DirtiesContextTestExecutionListener@2e188533, org.springframework.test.context.transaction.TransactionalTestExecutionListener@7ba133e1, org.springframework.test.context.jdbc.SqlScriptsTestExecutionListener@423fdb10, org.springframework.test.context.event.EventPublishingTestExecutionListener@77ae8e7d, org.springframework.boot.test.autoconfigure.restdocs.RestDocsTestExecutionListener@1d75aca6, org.springframework.boot.test.autoconfigure.web.client.MockRestServiceServerResetTestExecutionListener@6f39bad2, org.springframework.boot.test.autoconfigure.web.servlet.MockMvcPrintOnlyOnFailureTestExecutionListener@53e21b7e, org.springframework.boot.test.autoconfigure.web.servlet.WebDriverTestExecutionListener@503cba19, org.springframework.boot.test.autoconfigure.webservices.client.MockWebServiceServerTestExecutionListener@601c2c24, org.springframework.boot.test.mock.mockito.ResetMocksTestExecutionListener@42d1f5df]
2021-03-26 21:28:32,949 INFO org.springframework.boot.StartupInfoLogger [Test worker] Starting LoggingApplicationTests using Java 14.0.1 on Mac-mini-de-Esdras.local with PID 1753 (started by esdras in /Users/esdras/Downloads/logging)
2021-03-26 21:28:32,950 DEBUG org.springframework.boot.StartupInfoLogger [Test worker] Running with Spring Boot v2.4.4, Spring v5.3.5
2021-03-26 21:28:32,953 INFO org.springframework.boot.SpringApplication [Test worker] No active profile set, falling back to default profiles: default
2021-03-26 21:28:33,549 INFO org.springframework.data.repository.config.RepositoryConfigurationDelegate [Test worker] Bootstrapping Spring Data JPA repositories in DEFAULT mode.
2021-03-26 21:28:33,567 INFO org.springframework.data.repository.config.RepositoryConfigurationDelegate [Test worker] Finished Spring Data repository scanning in 8 ms. Found 0 JPA repository interfaces.
2021-03-26 21:28:34,121 INFO com.zaxxer.hikari.HikariDataSource [Test worker] HikariPool-1 - Starting...
2021-03-26 21:28:34,426 INFO com.zaxxer.hikari.HikariDataSource [Test worker] HikariPool-1 - Start completed.
2021-03-26 21:28:34,536 INFO org.hibernate.jpa.internal.util.LogHelper [Test worker] HHH000204: Processing PersistenceUnitInfo [name: default]
2021-03-26 21:28:34,649 INFO org.hibernate.Version [Test worker] HHH000412: Hibernate ORM core version 5.4.29.Final
2021-03-26 21:28:34,740 INFO org.hibernate.annotations.common.reflection.java.JavaReflectionManager [Test worker] HCANN000001: Hibernate Commons Annotations {5.1.2.Final}
2021-03-26 21:28:34,947 INFO org.hibernate.dialect.Dialect [Test worker] HHH000400: Using dialect: org.hibernate.dialect.H2Dialect
2021-03-26 21:28:35,344 INFO org.hibernate.engine.transaction.jta.platform.internal.JtaPlatformInitiator [Test worker] HHH000490: Using JtaPlatform implementation: [org.hibernate.engine.transaction.jta.platform.internal.NoJtaPlatform]
2021-03-26 21:28:35,362 INFO org.springframework.orm.jpa.AbstractEntityManagerFactoryBean [Test worker] Initialized JPA EntityManagerFactory for persistence unit 'default'
2021-03-26 21:28:35,671 WARN org.springframework.boot.autoconfigure.orm.jpa.JpaBaseConfiguration$JpaWebConfiguration [Test worker] spring.jpa.open-in-view is enabled by default. Therefore, database queries may be performed during view rendering. Explicitly configure spring.jpa.open-in-view to disable this warning
2021-03-26 21:28:35,906 INFO org.springframework.scheduling.concurrent.ExecutorConfigurationSupport [Test worker] Initializing ExecutorService 'applicationTaskExecutor'
2021-03-26 21:28:36,399 INFO org.springframework.boot.StartupInfoLogger [Test worker] Started LoggingApplicationTests in 3.497 seconds (JVM running for 10.973)
2021-03-26 21:28:36,452 INFO org.springframework.scheduling.concurrent.ExecutorConfigurationSupport [SpringContextShutdownHook] Shutting down ExecutorService 'applicationTaskExecutor'
2021-03-26 21:28:36,454 INFO org.springframework.scheduling.concurrent.ExecutorConfigurationSupport [SpringContextShutdownHook] Shutting down ExecutorService 'applicationTaskExecutor'
2021-03-26 21:28:36,455 INFO org.springframework.orm.jpa.AbstractEntityManagerFactoryBean [SpringContextShutdownHook] Closing JPA EntityManagerFactory for persistence unit 'default'
2021-03-26 21:28:36,456 INFO org.hibernate.tool.schema.internal.SchemaDropperImpl$DelayedDropActionImpl [SpringContextShutdownHook] HHH000477: Starting delayed evictData of schema as part of SessionFactory shut-down'
2021-03-26 21:28:36,460 INFO com.zaxxer.hikari.HikariDataSource [SpringContextShutdownHook] HikariPool-1 - Shutdown initiated...
2021-03-26 21:28:36,465 INFO com.zaxxer.hikari.HikariDataSource [SpringContextShutdownHook] HikariPool-1 - Shutdown completed.
2021-03-26 21:28:45,908 INFO org.springframework.boot.StartupInfoLogger [main] Starting LoggingApplication using Java 14.0.1 on Mac-mini-de-Esdras.local with PID 1757 (/Users/esdras/Downloads/logging/build/libs/logging-0.0.1-SNAPSHOT.jar started by esdras in /Users/esdras/Downloads/logging)
2021-03-26 21:28:45,916 DEBUG org.springframework.boot.StartupInfoLogger [main] Running with Spring Boot v2.4.4, Spring v5.3.5
2021-03-26 21:28:45,917 INFO org.springframework.boot.SpringApplication [main] No active profile set, falling back to default profiles: default
2021-03-26 21:28:48,064 INFO org.springframework.data.repository.config.RepositoryConfigurationDelegate [main] Bootstrapping Spring Data JPA repositories in DEFAULT mode.
2021-03-26 21:28:48,159 INFO org.springframework.data.repository.config.RepositoryConfigurationDelegate [main] Finished Spring Data repository scanning in 28 ms. Found 0 JPA repository interfaces.
2021-03-26 21:28:50,182 INFO org.springframework.boot.web.embedded.tomcat.TomcatWebServer [main] Tomcat initialized with port(s): 8080 (http)
2021-03-26 21:28:50,216 INFO org.apache.juli.logging.DirectJDKLog [main] Initializing ProtocolHandler ["http-nio-8080"]
2021-03-26 21:28:50,218 INFO org.apache.juli.logging.DirectJDKLog [main] Starting service [Tomcat]
2021-03-26 21:28:50,220 INFO org.apache.juli.logging.DirectJDKLog [main] Starting Servlet engine: [Apache Tomcat/9.0.44]
2021-03-26 21:28:50,372 INFO org.apache.juli.logging.DirectJDKLog [main] Initializing Spring embedded WebApplicationContext
2021-03-26 21:28:50,373 INFO org.springframework.boot.web.servlet.context.ServletWebServerApplicationContext [main] Root WebApplicationContext: initialization completed in 4251 ms
2021-03-26 21:28:50,934 INFO com.zaxxer.hikari.HikariDataSource [main] HikariPool-1 - Starting...
2021-03-26 21:28:51,498 INFO com.zaxxer.hikari.HikariDataSource [main] HikariPool-1 - Start completed.
2021-03-26 21:28:51,696 INFO org.hibernate.jpa.internal.util.LogHelper [main] HHH000204: Processing PersistenceUnitInfo [name: default]
2021-03-26 21:28:51,897 INFO org.hibernate.Version [main] HHH000412: Hibernate ORM core version 5.4.29.Final
2021-03-26 21:28:52,321 INFO org.hibernate.annotations.common.reflection.java.JavaReflectionManager [main] HCANN000001: Hibernate Commons Annotations {5.1.2.Final}
2021-03-26 21:28:52,805 INFO org.hibernate.dialect.Dialect [main] HHH000400: Using dialect: org.hibernate.dialect.H2Dialect
2021-03-26 21:28:53,457 INFO org.hibernate.engine.transaction.jta.platform.internal.JtaPlatformInitiator [main] HHH000490: Using JtaPlatform implementation: [org.hibernate.engine.transaction.jta.platform.internal.NoJtaPlatform]
2021-03-26 21:28:53,496 INFO org.springframework.orm.jpa.AbstractEntityManagerFactoryBean [main] Initialized JPA EntityManagerFactory for persistence unit 'default'
2021-03-26 21:28:53,660 WARN org.springframework.boot.autoconfigure.orm.jpa.JpaBaseConfiguration$JpaWebConfiguration [main] spring.jpa.open-in-view is enabled by default. Therefore, database queries may be performed during view rendering. Explicitly configure spring.jpa.open-in-view to disable this warning
2021-03-26 21:28:54,022 INFO org.springframework.scheduling.concurrent.ExecutorConfigurationSupport [main] Initializing ExecutorService 'applicationTaskExecutor'
2021-03-26 21:28:54,620 INFO org.apache.juli.logging.DirectJDKLog [main] Starting ProtocolHandler ["http-nio-8080"]
2021-03-26 21:28:54,721 INFO org.springframework.boot.web.embedded.tomcat.TomcatWebServer [main] Tomcat started on port(s): 8080 (http) with context path ''
2021-03-26 21:28:54,744 INFO org.springframework.boot.StartupInfoLogger [main] Started LoggingApplication in 10.334 seconds (JVM running for 11.608)
2021-03-26 21:29:05,033 INFO org.apache.juli.logging.DirectJDKLog [http-nio-8080-exec-2] Initializing Spring DispatcherServlet 'dispatcherServlet'
2021-03-26 21:29:05,035 INFO org.springframework.web.servlet.FrameworkServlet [http-nio-8080-exec-2] Initializing Servlet 'dispatcherServlet'
2021-03-26 21:29:05,053 INFO org.springframework.web.servlet.FrameworkServlet [http-nio-8080-exec-2] Completed initialization in 17 ms
2021-03-26 21:29:05,541 TRACE info.esdras.logging.resources.LoggingResource [http-nio-8080-exec-2] Uma mensagme TRACE.
2021-03-26 21:29:05,541 DEBUG info.esdras.logging.resources.LoggingResource [http-nio-8080-exec-2] Uma mensagme DEBUG.
2021-03-26 21:29:05,542 INFO info.esdras.logging.resources.LoggingResource [http-nio-8080-exec-2] Uma mensagme INFO.
2021-03-26 21:29:05,543 WARN info.esdras.logging.resources.LoggingResource [http-nio-8080-exec-2] Uma mensagme WARN.
2021-03-26 21:29:05,548 ERROR info.esdras.logging.resources.LoggingResource [http-nio-8080-exec-2] Uma mensagme ERROR.
2021-03-26 21:29:14,081 TRACE info.esdras.logging.resources.LoggingResource [http-nio-8080-exec-3] Uma mensagme TRACE.
2021-03-26 21:29:14,084 DEBUG info.esdras.logging.resources.LoggingResource [http-nio-8080-exec-3] Uma mensagme DEBUG.
2021-03-26 21:29:14,087 INFO info.esdras.logging.resources.LoggingResource [http-nio-8080-exec-3] Uma mensagme INFO.
2021-03-26 21:29:14,088 WARN info.esdras.logging.resources.LoggingResource [http-nio-8080-exec-3] Uma mensagme WARN.
2021-03-26 21:29:14,089 ERROR info.esdras.logging.resources.LoggingResource [http-nio-8080-exec-3] Uma mensagme ERROR.
2021-03-26 21:33:56,151 INFO org.springframework.boot.StartupInfoLogger [Test worker] Starting BookControllerTest using Java 14.0.1 on Mac-mini-de-Esdras.local with PID 1817 (started by esdras in /Users/esdras/Downloads/logging)
2021-03-26 21:33:56,167 DEBUG org.springframework.boot.StartupInfoLogger [Test worker] Running with Spring Boot v2.4.4, Spring v5.3.5
2021-03-26 21:33:56,168 INFO org.springframework.boot.SpringApplication [Test worker] The following profiles are active: test
2021-03-26 21:34:00,202 INFO org.springframework.scheduling.concurrent.ExecutorConfigurationSupport [Test worker] Initializing ExecutorService 'applicationTaskExecutor'
2021-03-26 21:34:01,818 INFO org.springframework.mock.web.MockServletContext [Test worker] Initializing Spring TestDispatcherServlet ''
2021-03-26 21:34:01,819 INFO org.springframework.web.servlet.FrameworkServlet [Test worker] Initializing Servlet ''
2021-03-26 21:34:01,822 INFO org.springframework.web.servlet.FrameworkServlet [Test worker] Completed initialization in 2 ms
2021-03-26 21:34:01,969 INFO org.springframework.boot.StartupInfoLogger [Test worker] Started BookControllerTest in 8.178 seconds (JVM running for 13.133)
2021-03-26 21:34:04,520 INFO org.springframework.scheduling.concurrent.ExecutorConfigurationSupport [SpringContextShutdownHook] Shutting down ExecutorService 'applicationTaskExecutor'
2021-03-26 21:35:36,375 INFO org.springframework.boot.StartupInfoLogger [Test worker] Starting BookControllerTest using Java 14.0.1 on Mac-mini-de-Esdras.local with PID 1831 (started by esdras in /Users/esdras/Downloads/logging)
2021-03-26 21:35:36,417 DEBUG org.springframework.boot.StartupInfoLogger [Test worker] Running with Spring Boot v2.4.4, Spring v5.3.5
2021-03-26 21:35:36,466 INFO org.springframework.boot.SpringApplication [Test worker] The following profiles are active: test
2021-03-26 21:35:40,278 INFO org.springframework.scheduling.concurrent.ExecutorConfigurationSupport [Test worker] Initializing ExecutorService 'applicationTaskExecutor'
2021-03-26 21:35:41,239 INFO org.springframework.mock.web.MockServletContext [Test worker] Initializing Spring TestDispatcherServlet ''
2021-03-26 21:35:41,245 INFO org.springframework.web.servlet.FrameworkServlet [Test worker] Initializing Servlet ''
2021-03-26 21:35:41,248 INFO org.springframework.web.servlet.FrameworkServlet [Test worker] Completed initialization in 2 ms
2021-03-26 21:35:41,384 INFO org.springframework.boot.StartupInfoLogger [Test worker] Started BookControllerTest in 6.861 seconds (JVM running for 11.426)
2021-03-26 21:35:43,870 INFO org.springframework.scheduling.concurrent.ExecutorConfigurationSupport [SpringContextShutdownHook] Shutting down ExecutorService 'applicationTaskExecutor'
2021-03-26 21:58:04,960 INFO org.springframework.boot.StartupInfoLogger [Test worker] Starting BookControllerTest using Java 14.0.1 on Mac-mini-de-Esdras.local with PID 1948 (started by esdras in /Users/esdras/Downloads/logging)
2021-03-26 21:58:04,972 DEBUG org.springframework.boot.StartupInfoLogger [Test worker] Running with Spring Boot v2.4.4, Spring v5.3.5
2021-03-26 21:58:04,974 INFO org.springframework.boot.SpringApplication [Test worker] The following profiles are active: test
2021-03-26 21:58:07,660 INFO org.springframework.scheduling.concurrent.ExecutorConfigurationSupport [Test worker] Initializing ExecutorService 'applicationTaskExecutor'
2021-03-26 21:58:08,291 INFO org.springframework.mock.web.MockServletContext [Test worker] Initializing Spring TestDispatcherServlet ''
2021-03-26 21:58:08,292 INFO org.springframework.web.servlet.FrameworkServlet [Test worker] Initializing Servlet ''
2021-03-26 21:58:08,296 INFO org.springframework.web.servlet.FrameworkServlet [Test worker] Completed initialization in 2 ms
2021-03-26 21:58:08,370 INFO org.springframework.boot.StartupInfoLogger [Test worker] Started BookControllerTest in 4.721 seconds (JVM running for 7.605)
2021-03-26 21:58:09,722 INFO org.springframework.scheduling.concurrent.ExecutorConfigurationSupport [SpringContextShutdownHook] Shutting down ExecutorService 'applicationTaskExecutor'
2021-03-26 22:01:26,080 INFO org.springframework.boot.StartupInfoLogger [Test worker] Starting BookControllerTest using Java 14.0.1 on Mac-mini-de-Esdras.local with PID 1963 (started by esdras in /Users/esdras/Downloads/logging)
2021-03-26 22:01:26,107 DEBUG org.springframework.boot.StartupInfoLogger [Test worker] Running with Spring Boot v2.4.4, Spring v5.3.5
2021-03-26 22:01:26,110 INFO org.springframework.boot.SpringApplication [Test worker] The following profiles are active: test
2021-03-26 22:01:28,648 INFO org.springframework.scheduling.concurrent.ExecutorConfigurationSupport [Test worker] Initializing ExecutorService 'applicationTaskExecutor'
2021-03-26 22:01:29,247 INFO org.springframework.mock.web.MockServletContext [Test worker] Initializing Spring TestDispatcherServlet ''
2021-03-26 22:01:29,248 INFO org.springframework.web.servlet.FrameworkServlet [Test worker] Initializing Servlet ''
2021-03-26 22:01:29,252 INFO org.springframework.web.servlet.FrameworkServlet [Test worker] Completed initialization in 2 ms
2021-03-26 22:01:29,322 INFO org.springframework.boot.StartupInfoLogger [Test worker] Started BookControllerTest in 4.477 seconds (JVM running for 7.232)
2021-03-26 22:01:30,779 INFO org.springframework.scheduling.concurrent.ExecutorConfigurationSupport [SpringContextShutdownHook] Shutting down ExecutorService 'applicationTaskExecutor'
2021-03-26 22:01:50,900 INFO org.springframework.boot.StartupInfoLogger [Test worker] Starting BookControllerTest using Java 14.0.1 on Mac-mini-de-Esdras.local with PID 1969 (started by esdras in /Users/esdras/Downloads/logging)
2021-03-26 22:01:50,905 DEBUG org.springframework.boot.StartupInfoLogger [Test worker] Running with Spring Boot v2.4.4, Spring v5.3.5
2021-03-26 22:01:50,907 INFO org.springframework.boot.SpringApplication [Test worker] The following profiles are active: test
2021-03-26 22:01:54,542 INFO org.springframework.scheduling.concurrent.ExecutorConfigurationSupport [Test worker] Initializing ExecutorService 'applicationTaskExecutor'
2021-03-26 22:01:55,437 INFO org.springframework.mock.web.MockServletContext [Test worker] Initializing Spring TestDispatcherServlet ''
2021-03-26 22:01:55,441 INFO org.springframework.web.servlet.FrameworkServlet [Test worker] Initializing Servlet ''
2021-03-26 22:01:55,444 INFO org.springframework.web.servlet.FrameworkServlet [Test worker] Completed initialization in 2 ms
2021-03-26 22:01:55,512 INFO org.springframework.boot.StartupInfoLogger [Test worker] Started BookControllerTest in 5.88 seconds (JVM running for 8.336)
2021-03-26 22:01:57,229 INFO org.springframework.scheduling.concurrent.ExecutorConfigurationSupport [SpringContextShutdownHook] Shutting down ExecutorService 'applicationTaskExecutor'
2021-03-26 22:03:22,574 INFO org.springframework.boot.StartupInfoLogger [Test worker] Starting BookControllerTest using Java 14.0.1 on Mac-mini-de-Esdras.local with PID 1978 (started by esdras in /Users/esdras/Downloads/logging)
2021-03-26 22:03:22,591 DEBUG org.springframework.boot.StartupInfoLogger [Test worker] Running with Spring Boot v2.4.4, Spring v5.3.5
2021-03-26 22:03:22,594 INFO org.springframework.boot.SpringApplication [Test worker] The following profiles are active: test
2021-03-26 22:03:27,531 INFO org.springframework.scheduling.concurrent.ExecutorConfigurationSupport [Test worker] Initializing ExecutorService 'applicationTaskExecutor'
2021-03-26 22:03:28,578 INFO org.springframework.mock.web.MockServletContext [Test worker] Initializing Spring TestDispatcherServlet ''
2021-03-26 22:03:28,579 INFO org.springframework.web.servlet.FrameworkServlet [Test worker] Initializing Servlet ''
2021-03-26 22:03:28,588 INFO org.springframework.web.servlet.FrameworkServlet [Test worker] Completed initialization in 7 ms
2021-03-26 22:03:28,696 INFO org.springframework.boot.StartupInfoLogger [Test worker] Started BookControllerTest in 8.145 seconds (JVM running for 12.736)
2021-03-26 22:03:31,522 INFO org.springframework.scheduling.concurrent.ExecutorConfigurationSupport [SpringContextShutdownHook] Shutting down ExecutorService 'applicationTaskExecutor'
2021-03-26 22:05:04,733 INFO org.springframework.boot.StartupInfoLogger [Test worker] Starting BookControllerTest using Java 14.0.1 on Mac-mini-de-Esdras.local with PID 1982 (started by esdras in /Users/esdras/Downloads/logging)
2021-03-26 22:05:04,759 DEBUG org.springframework.boot.StartupInfoLogger [Test worker] Running with Spring Boot v2.4.4, Spring v5.3.5
2021-03-26 22:05:04,761 INFO org.springframework.boot.SpringApplication [Test worker] The following profiles are active: test
2021-03-26 22:05:08,747 INFO org.springframework.scheduling.concurrent.ExecutorConfigurationSupport [Test worker] Initializing ExecutorService 'applicationTaskExecutor'
2021-03-26 22:05:09,704 INFO org.springframework.mock.web.MockServletContext [Test worker] Initializing Spring TestDispatcherServlet ''
2021-03-26 22:05:09,706 INFO org.springframework.web.servlet.FrameworkServlet [Test worker] Initializing Servlet ''
2021-03-26 22:05:09,713 INFO org.springframework.web.servlet.FrameworkServlet [Test worker] Completed initialization in 5 ms
2021-03-26 22:05:09,809 INFO org.springframework.boot.StartupInfoLogger [Test worker] Started BookControllerTest in 7.424 seconds (JVM running for 11.843)
2021-03-26 22:05:12,809 INFO org.springframework.scheduling.concurrent.ExecutorConfigurationSupport [SpringContextShutdownHook] Shutting down ExecutorService 'applicationTaskExecutor'
2021-03-26 22:51:32,337 WARN com.zaxxer.hikari.pool.HikariPool$HouseKeeper [HikariPool-1 housekeeper] HikariPool-1 - Thread starvation or clock leap detected (housekeeper delta=20m40s130ms).
